2016-11-29 16:57:08 INFO  App:13 - Info : Applicazione avviata
2016-11-29 16:57:10 INFO  PrjHub_Parser:195 - METODO doinbackgroud
2016-11-29 16:57:10 INFO  SendTicketAlert:37 - costruzione oggetto per inviare le mail
2016-11-29 16:57:10 INFO  SendTicketAlert:84 - CARICAMENTO PROPRIETA' FILE CONFIGMAIL.PROPERTIES
2016-11-29 16:57:10 ERROR SendTicketAlert:126 - userMail = NULL
2016-11-29 16:57:10 ERROR SendTicketAlert:130 - passwordMail = NULL
2016-11-29 16:57:10 ERROR SendTicketAlert:134 - userMailFrom = NULL
2016-11-29 16:57:10 ERROR SendTicketAlert:138 - userMailTo = NULL
2016-11-29 16:57:10 ERROR SendTicketAlert:142 - mail.smtp.host = NULL
2016-11-29 16:57:10 ERROR SendTicketAlert:146 - mail.smtp.socketFactory.port = NULL
2016-11-29 16:57:10 ERROR SendTicketAlert:150 - mail.smtp.socketFactory.class = NULL
2016-11-29 16:57:10 ERROR SendTicketAlert:154 - mail.smtp.auth = NULL
2016-11-29 16:57:10 ERROR SendTicketAlert:158 - mail.smtp.port = NULL
2016-11-29 16:57:10 INFO  SendTicketAlert:163 - Login = null
2016-11-29 16:57:10 INFO  SendTicketAlert:164 - Password = null
2016-11-29 16:57:10 INFO  SendTicketAlert:165 - UserMailFrom = null
2016-11-29 16:57:10 INFO  SendTicketAlert:166 - UserMailTo = null
2016-11-29 16:57:10 INFO  SendTicketAlert:167 - Mail_smtp_host = null
2016-11-29 16:57:10 INFO  SendTicketAlert:168 - Mail_smtp_socketFactory_port = null
2016-11-29 16:57:10 INFO  SendTicketAlert:169 - Mail_smtp_socketFactory_class = null
2016-11-29 16:57:10 INFO  SendTicketAlert:170 - Mail_smtp_auth = null
2016-11-29 16:57:10 INFO  SendTicketAlert:171 - Mail_smtp_port = null
2016-11-29 16:57:10 ERROR PrjHub_Parser:207 - Ci sono degli errori nel caricamento del file configMail.properties
